[startup] Registering GET /api/bank-accounts route
Server running on port 3000 (bound to 0.0.0.0)
Local  : http://localhost:3000
Remote : http://<this-host-IP-or-Tailscale-hostname>:3000
Database connected successfully at: 2025-07-21T20:49:49.187Z
Table "users" is present or created.
Column "import_id" on "journal_entries" is present or created.
Table "custom_report_definitions" is present or created.
Table "bank_accounts" is present or created.
2025-07-21T20:50:21.256Z [GET] /api/health
2025-07-21T20:50:21.278Z [GET] /User_Guide_v9.0.pdf
2025-07-21T21:05:26.329Z [GET] /api/entities
2025-07-21T21:05:26.439Z [GET] /api/entities
2025-07-21T21:05:26.444Z [GET] /api/journal-entries
2025-07-21T21:05:26.445Z [GET] /api/users
2025-07-21T21:12:18.391Z [GET] /api/entities
2025-07-21T21:12:18.496Z [GET] /api/entities
2025-07-21T21:12:18.508Z [GET] /api/journal-entries
2025-07-21T21:12:18.508Z [GET] /api/users
2025-07-21T21:13:01.468Z [GET] /api/entities
2025-07-21T21:13:01.516Z [GET] /api/entities
2025-07-21T21:13:01.520Z [GET] /api/journal-entries
2025-07-21T21:13:01.521Z [GET] /api/users
2025-07-21T21:23:25.229Z [GET] /api/entities
2025-07-21T21:29:31.071Z [GET] /api/entities
2025-07-21T21:29:31.175Z [GET] /api/entities
2025-07-21T21:29:31.179Z [GET] /api/journal-entries
2025-07-21T21:29:31.180Z [GET] /api/users
2025-07-21T21:30:38.832Z [GET] /api/entities
2025-07-21T21:30:38.884Z [GET] /api/entities
2025-07-21T21:30:38.887Z [GET] /api/journal-entries
2025-07-21T21:30:38.888Z [GET] /api/users
2025-07-21T21:31:13.890Z [GET] /api/entities
2025-07-21T21:31:13.986Z [GET] /api/entities
2025-07-21T21:31:13.990Z [GET] /api/journal-entries
2025-07-21T21:31:13.990Z [GET] /api/users
2025-07-21T21:33:23.861Z [GET] /api/entities
2025-07-21T21:33:23.912Z [GET] /api/entities
2025-07-21T21:33:23.915Z [GET] /api/journal-entries
2025-07-21T21:33:23.915Z [GET] /api/users
2025-07-21T21:36:16.068Z [GET] /api/entities
2025-07-21T21:36:16.170Z [GET] /api/entities
2025-07-21T21:36:16.171Z [GET] /api/journal-entries
2025-07-21T21:36:16.171Z [GET] /api/users
2025-07-21T21:42:07.544Z [GET] /api/entities
2025-07-21T21:42:07.651Z [GET] /api/entities
2025-07-21T21:42:07.652Z [GET] /api/journal-entries
2025-07-21T21:42:07.653Z [GET] /api/users
2025-07-21T21:48:40.289Z [GET] /api/entities
2025-07-21T21:48:40.388Z [GET] /api/entities
2025-07-21T21:48:40.391Z [GET] /api/journal-entries
2025-07-21T21:48:40.393Z [GET] /api/users
2025-07-21T21:49:44.653Z [GET] /api/entities
2025-07-21T21:49:44.704Z [GET] /api/entities
2025-07-21T21:49:44.707Z [GET] /api/journal-entries
2025-07-21T21:49:44.708Z [GET] /api/users
2025-07-21T21:50:05.658Z [GET] /api/vendors
2025-07-21T21:50:05.660Z [GET] /api/nacha-settings
2025-07-21T21:50:05.661Z [GET] /api/payment-batches
2025-07-21T21:50:05.663Z [GET] /api/entities
2025-07-21T21:50:05.665Z [GET] /api/bank-accounts
[/api/bank-accounts] handler invoked
2025-07-21T21:50:08.026Z [GET] /api/entities
2025-07-21T21:50:17.203Z [GET] /api/entities
2025-07-21T21:50:17.241Z [GET] /api/entities
2025-07-21T21:50:17.242Z [GET] /api/journal-entries
2025-07-21T21:50:17.243Z [GET] /api/users
2025-07-21T21:50:18.857Z [GET] /api/entities
2025-07-21T21:50:23.197Z [GET] /api/entities
2025-07-21T21:50:23.241Z [GET] /api/entities
2025-07-21T21:50:23.243Z [GET] /api/users
2025-07-21T21:50:23.245Z [GET] /api/journal-entries
2025-07-21T21:50:27.742Z [GET] /api/entities
2025-07-21T21:50:27.846Z [GET] /api/entities
2025-07-21T21:50:27.847Z [GET] /api/journal-entries
2025-07-21T21:50:27.847Z [GET] /api/users
2025-07-21T21:50:30.598Z [GET] /api/journal-entries
2025-07-21T21:50:31.994Z [GET] /api/entities
2025-07-21T21:50:32.035Z [GET] /api/entities
2025-07-21T21:50:32.036Z [GET] /api/journal-entries
2025-07-21T21:50:32.037Z [GET] /api/users
2025-07-21T21:50:37.265Z [GET] /api/entities
2025-07-21T21:50:37.331Z [GET] /api/entities
2025-07-21T21:50:37.332Z [GET] /api/users
2025-07-21T21:50:37.332Z [GET] /api/journal-entries
2025-07-21T21:53:18.128Z [GET] /api/entities
2025-07-21T21:53:18.176Z [GET] /api/entities
2025-07-21T21:53:18.178Z [GET] /api/journal-entries
2025-07-21T21:53:18.178Z [GET] /api/users
2025-07-21T21:53:27.620Z [GET] /api/vendors
2025-07-21T21:53:27.621Z [GET] /api/nacha-settings
2025-07-21T21:53:27.621Z [GET] /api/payment-batches
2025-07-21T21:53:27.623Z [GET] /api/entities
2025-07-21T21:53:27.623Z [GET] /api/bank-accounts
[/api/bank-accounts] handler invoked
2025-07-21T21:53:59.584Z [GET] /api/entities
2025-07-21T21:53:59.649Z [GET] /api/entities
2025-07-21T21:53:59.652Z [GET] /api/journal-entries
2025-07-21T21:53:59.652Z [GET] /api/users
2025-07-21T21:54:05.469Z [GET] /api/vendors
2025-07-21T21:54:05.470Z [GET] /api/nacha-settings
2025-07-21T21:54:05.470Z [GET] /api/payment-batches
2025-07-21T21:54:05.470Z [GET] /api/entities
2025-07-21T21:54:05.471Z [GET] /api/bank-accounts
[/api/bank-accounts] handler invoked
2025-07-21T21:54:09.236Z [GET] /api/entities
2025-07-21T21:54:09.283Z [GET] /api/entities
2025-07-21T21:54:09.285Z [GET] /api/journal-entries
2025-07-21T21:54:09.285Z [GET] /api/users
2025-07-21T21:56:36.644Z [GET] /api/entities
2025-07-21T21:56:36.706Z [GET] /api/entities
2025-07-21T21:56:36.709Z [GET] /api/journal-entries
2025-07-21T21:56:36.711Z [GET] /api/users
2025-07-21T21:56:38.012Z [GET] /api/vendors
2025-07-21T21:56:38.013Z [GET] /api/nacha-settings
2025-07-21T21:56:38.013Z [GET] /api/payment-batches
2025-07-21T21:56:38.014Z [GET] /api/entities
2025-07-21T21:56:38.018Z [GET] /api/bank-accounts
[/api/bank-accounts] handler invoked
2025-07-21T21:56:42.065Z [GET] /api/vendors
2025-07-21T21:56:42.065Z [GET] /api/nacha-settings
2025-07-21T21:56:42.066Z [GET] /api/payment-batches
2025-07-21T21:56:42.066Z [GET] /api/entities
2025-07-21T21:56:42.067Z [GET] /api/bank-accounts
[/api/bank-accounts] handler invoked
2025-07-21T21:59:35.686Z [GET] /api/vendors
2025-07-21T21:59:35.686Z [GET] /api/nacha-settings
2025-07-21T21:59:35.687Z [GET] /api/payment-batches
2025-07-21T21:59:35.688Z [GET] /api/entities
2025-07-21T21:59:35.688Z [GET] /api/bank-accounts
[/api/bank-accounts] handler invoked
2025-07-21T21:59:39.247Z [GET] /api/entities
2025-07-21T21:59:47.265Z [GET] /api/vendors
2025-07-21T21:59:47.266Z [GET] /api/nacha-settings
2025-07-21T21:59:47.266Z [GET] /api/payment-batches
2025-07-21T21:59:47.266Z [GET] /api/entities
2025-07-21T21:59:47.267Z [GET] /api/bank-accounts
[/api/bank-accounts] handler invoked
2025-07-21T22:00:02.398Z [GET] /api/vendors
2025-07-21T22:00:02.398Z [GET] /api/nacha-settings
2025-07-21T22:00:02.399Z [GET] /api/payment-batches
2025-07-21T22:00:02.399Z [GET] /api/entities
2025-07-21T22:00:02.400Z [GET] /api/bank-accounts
[/api/bank-accounts] handler invoked
2025-07-21T22:02:38.682Z [GET] /api/entities
2025-07-21T22:02:38.741Z [GET] /api/entities
2025-07-21T22:02:38.743Z [GET] /api/journal-entries
2025-07-21T22:02:38.744Z [GET] /api/users
2025-07-21T22:22:21.760Z [GET] /api/vendors
2025-07-21T22:22:21.764Z [GET] /api/nacha-settings
2025-07-21T22:22:21.765Z [GET] /api/payment-batches
2025-07-21T22:22:21.765Z [GET] /api/entities
2025-07-21T22:22:21.778Z [GET] /api/bank-accounts
[/api/bank-accounts] handler invoked
2025-07-21T22:24:38.739Z [GET] /api/entities
2025-07-21T22:24:38.842Z [GET] /api/entities
2025-07-21T22:24:38.845Z [GET] /api/journal-entries
2025-07-21T22:24:38.845Z [GET] /api/users
2025-07-21T22:28:20.628Z [GET] /api/entities
2025-07-21T22:28:20.776Z [GET] /api/entities
2025-07-21T22:28:20.777Z [GET] /api/journal-entries
2025-07-21T22:28:20.782Z [GET] /api/users
2025-07-21T22:31:55.352Z [GET] /api/entities
2025-07-21T22:31:55.447Z [GET] /api/entities
2025-07-21T22:31:55.450Z [GET] /api/journal-entries
2025-07-21T22:31:55.450Z [GET] /api/users
2025-07-21T22:31:58.402Z [GET] /api/entities
2025-07-21T22:31:58.445Z [GET] /api/entities
2025-07-21T22:31:58.448Z [GET] /api/journal-entries
2025-07-21T22:31:58.450Z [GET] /api/users
2025-07-21T22:37:33.845Z [GET] /api/entities
2025-07-21T22:37:33.944Z [GET] /api/entities
2025-07-21T22:37:33.947Z [GET] /api/journal-entries
2025-07-21T22:37:33.948Z [GET] /api/users
2025-07-21T22:37:35.403Z [GET] /api/entities
2025-07-21T22:37:35.442Z [GET] /api/entities
2025-07-21T22:37:35.444Z [GET] /api/journal-entries
2025-07-21T22:37:35.446Z [GET] /api/users
2025-07-21T22:39:29.596Z [GET] /api/entities
2025-07-21T22:39:29.648Z [GET] /api/entities
2025-07-21T22:39:29.650Z [GET] /api/journal-entries
2025-07-21T22:39:29.650Z [GET] /api/users
2025-07-21T22:43:17.515Z [GET] /api/entities
2025-07-21T22:43:17.607Z [GET] /api/entities
2025-07-21T22:43:17.609Z [GET] /api/journal-entries
2025-07-21T22:43:17.610Z [GET] /api/users
2025-07-21T22:43:19.309Z [GET] /api/entities
2025-07-21T22:43:19.340Z [GET] /api/entities
2025-07-21T22:43:19.341Z [GET] /api/users
2025-07-21T22:43:19.341Z [GET] /api/journal-entries
2025-07-21T22:46:10.610Z [GET] /api/entities
2025-07-21T22:46:10.714Z [GET] /api/entities
2025-07-21T22:46:10.717Z [GET] /api/journal-entries
2025-07-21T22:46:10.718Z [GET] /api/users
2025-07-21T22:46:11.945Z [GET] /api/entities
2025-07-21T22:46:11.977Z [GET] /api/entities
2025-07-21T22:46:11.979Z [GET] /api/journal-entries
2025-07-21T22:46:11.979Z [GET] /api/users
2025-07-21T22:49:56.005Z [GET] /api/entities
2025-07-21T22:49:56.113Z [GET] /api/entities
2025-07-21T22:49:56.117Z [GET] /api/journal-entries
2025-07-21T22:49:56.118Z [GET] /api/users
2025-07-21T22:49:57.690Z [GET] /api/entities
2025-07-21T22:49:57.722Z [GET] /api/entities
2025-07-21T22:49:57.724Z [GET] /api/journal-entries
2025-07-21T22:49:57.725Z [GET] /api/users
2025-07-21T22:53:13.244Z [GET] /api/entities
2025-07-21T22:53:13.344Z [GET] /api/entities
2025-07-21T22:53:13.353Z [GET] /api/users
2025-07-21T22:53:13.354Z [GET] /api/journal-entries
2025-07-21T22:53:15.310Z [GET] /api/entities
2025-07-21T22:53:15.352Z [GET] /api/entities
2025-07-21T22:53:15.353Z [GET] /api/journal-entries
2025-07-21T22:53:15.354Z [GET] /api/users
2025-07-21T22:53:16.287Z [GET] /api/entities
2025-07-21T22:53:16.321Z [GET] /api/entities
2025-07-21T22:53:16.322Z [GET] /api/journal-entries
2025-07-21T22:53:16.323Z [GET] /api/users
2025-07-21T22:53:41.843Z [GET] /api/entities
2025-07-21T22:53:41.957Z [GET] /api/entities
2025-07-21T22:53:41.959Z [GET] /api/journal-entries
2025-07-21T22:53:41.959Z [GET] /api/users
2025-07-21T22:53:43.507Z [GET] /api/entities
2025-07-21T22:53:43.538Z [GET] /api/entities
2025-07-21T22:53:43.541Z [GET] /api/journal-entries
2025-07-21T22:53:43.541Z [GET] /api/users
2025-07-21T22:53:44.359Z [GET] /api/entities
2025-07-21T22:53:44.410Z [GET] /api/entities
2025-07-21T22:53:44.411Z [GET] /api/journal-entries
2025-07-21T22:53:44.411Z [GET] /api/users
2025-07-21T22:54:45.127Z [GET] /api/entities
2025-07-21T22:54:45.166Z [GET] /api/journal-entries
2025-07-21T22:54:45.166Z [GET] /api/entities
2025-07-21T22:54:45.168Z [GET] /api/users
2025-07-21T22:55:10.800Z [GET] /api/bank-accounts
[/api/bank-accounts] handler invoked
2025-07-21T22:55:10.802Z [GET] /api/vendors
2025-07-21T22:55:10.802Z [GET] /api/nacha-settings
2025-07-21T22:55:10.803Z [GET] /api/payment-batches
2025-07-21T22:55:10.803Z [GET] /api/entities
2025-07-21T22:55:19.378Z [GET] /api/entities
2025-07-21T22:55:19.436Z [GET] /api/entities
2025-07-21T22:55:19.443Z [GET] /api/journal-entries
2025-07-21T22:55:19.444Z [GET] /api/users
2025-07-21T22:55:22.177Z [GET] /api/entities
2025-07-21T22:55:22.178Z [GET] /api/bank-accounts
[/api/bank-accounts] handler invoked
2025-07-21T22:55:22.206Z [GET] /api/vendors
2025-07-21T22:55:22.212Z [GET] /api/nacha-settings
2025-07-21T22:55:22.212Z [GET] /api/payment-batches
2025-07-21T22:55:39.283Z [GET] /api/entities
2025-07-21T22:55:39.285Z [GET] /api/bank-accounts
[/api/bank-accounts] handler invoked
2025-07-21T22:55:39.285Z [GET] /api/vendors
2025-07-21T22:55:39.286Z [GET] /api/nacha-settings
2025-07-21T22:55:39.287Z [GET] /api/payment-batches
2025-07-21T22:55:40.211Z [GET] /api/entities
2025-07-21T22:55:40.211Z [GET] /api/bank-accounts
[/api/bank-accounts] handler invoked
2025-07-21T22:55:40.212Z [GET] /api/vendors
2025-07-21T22:55:40.212Z [GET] /api/nacha-settings
2025-07-21T22:55:40.212Z [GET] /api/payment-batches
2025-07-21T22:56:18.262Z [GET] /api/entities
2025-07-21T22:56:18.309Z [GET] /api/entities
2025-07-21T22:56:18.312Z [GET] /api/journal-entries
2025-07-21T22:56:18.312Z [GET] /api/users
2025-07-21T22:56:23.233Z [GET] /api/entities
2025-07-21T22:56:23.234Z [GET] /api/bank-accounts
[/api/bank-accounts] handler invoked
2025-07-21T22:56:23.234Z [GET] /api/vendors
2025-07-21T22:56:23.235Z [GET] /api/nacha-settings
2025-07-21T22:56:23.235Z [GET] /api/payment-batches
